<?xml version="1.0" encoding="UTF-8"?>
<!-- Generated by org.testng.reporters.JUnitXMLReporter -->
<testsuite hostname="360LP0910-PC" ignored="0" name="Default test" tests="6" failures="0" timestamp="18 May 2019 03:24:37 GMT" time="124.164" errors="0">
  <testcase name="verifySingleSelect" time="1.444" classname="com.testFramework.scripts.Selenium_Assignment_Framework"/>
  <testcase name="verifyMultipleSelect" time="2.161" classname="com.testFramework.scripts.Selenium_Assignment_Framework"/>
  <testcase name="verifyJavaScriptAlertOK" time="6.731" classname="com.testFramework.scripts.Selenium_Assignment_Framework"/>
  <testcase name="verifyJavaScriptConfirmBoxCancel" time="6.516" classname="com.testFramework.scripts.Selenium_Assignment_Framework"/>
  <testcase name="verifyJavaScriptAlertSendData" time="11.672" classname="com.testFramework.scripts.Selenium_Assignment_Framework"/>
  <testcase name="verifyBootstrapModal" time="6.339" classname="com.testFramework.scripts.Selenium_Assignment_Framework"/>
</testsuite> <!-- Default test -->
