<?xml version="1.0" encoding="UTF-8"?>
<!-- Generated by org.testng.reporters.JUnitXMLReporter -->
<testsuite hostname="360LP0910-PC" ignored="0" name="Selenium_Assignment_Framework" tests="6" failures="0" timestamp="21 May 2019 10:18:50 GMT" time="135.614" errors="0">
  <testcase name="verifySingleSelect" time="12.609" classname="com.testFramework.scripts.Selenium_Assignment_Framework"/>
  <testcase name="verifyMultipleSelect" time="2.511" classname="com.testFramework.scripts.Selenium_Assignment_Framework"/>
  <testcase name="verifyJavaScriptAlertOK" time="7.51" classname="com.testFramework.scripts.Selenium_Assignment_Framework"/>
  <testcase name="verifyJavaScriptConfirmBoxCancel" time="8.162" classname="com.testFramework.scripts.Selenium_Assignment_Framework"/>
  <testcase name="verifyJavaScriptAlertSendData" time="11.708" classname="com.testFramework.scripts.Selenium_Assignment_Framework"/>
  <testcase name="verifyBootstrapModal" time="5.907" classname="com.testFramework.scripts.Selenium_Assignment_Framework"/>
</testsuite> <!-- Selenium_Assignment_Framework -->
